This is pdfTeX, Version 3.141592653-2.6-1.40.24 (MiKTeX 22.3) (preloaded format=pdflatex 2022.5.15)  20 FEB 2023 22:57
entering extended mode
 restricted \write18 enabled.
 %&-line parsing enabled.
**./document.tex
(document.tex
LaTeX2e <2021-11-15> patch level 1
L3 programming layer <2022-02-24>
(C:\РџСЂРёР»РѕР¶РµРЅРёСЏ\TeX\tex/latex/base\article.cls
Document Class: article 2021/10/04 v1.4n Standard LaTeX document class
(C:\РџСЂРёР»РѕР¶РµРЅРёСЏ\TeX\tex/latex/base\size12.clo
File: size12.clo 2021/10/04 v1.4n Standard LaTeX file (size option)
)
\c@part=\count185
\c@section=\count186
\c@subsection=\count187
\c@subsubsection=\count188
\c@paragraph=\count189
\c@subparagraph=\count190
\c@figure=\count191
\c@table=\count192
\abovecaptionskip=\skip47
\belowcaptionskip=\skip48
\bibindent=\dimen138
)
(C:\РџСЂРёР»РѕР¶РµРЅРёСЏ\TeX\tex/latex/base\inputenc.sty
Package: inputenc 2021/02/14 v1.3d Input encoding file
\inpenc@prehook=\toks16
\inpenc@posthook=\toks17
)
(C:\РџСЂРёР»РѕР¶РµРЅРёСЏ\TeX\tex/latex/base\fontenc.sty
Package: fontenc 2021/04/29 v2.0v Standard LaTeX package
)
(C:\РџСЂРёР»РѕР¶РµРЅРёСЏ\TeX\tex/generic/babel\babel.sty
Package: babel 2022/02/26 3.73 The Babel package
\babel@savecnt=\count193
\U@D=\dimen139
\l@unhyphenated=\language79

(C:\РџСЂРёР»РѕР¶РµРЅРёСЏ\TeX\tex/generic/babel\txtbabel.def)
\bbl@readstream=\read2
\bbl@dirlevel=\count194

*************************************
* Local config file bblopts.cfg used
*
(C:\РџСЂРёР»РѕР¶РµРЅРёСЏ\TeX\tex/latex/arabi\bblopts.cfg
File: bblopts.cfg 2005/09/08 v0.1 add Arabic and Farsi to "declared" options of
 babel
)
(C:\РџСЂРёР»РѕР¶РµРЅРёСЏ\TeX\tex/latex/babel-russian\russianb.ldf
File: russianb.ldf 2021/01/10 1.3m Russian support for the Babel system
Language: russian 2020/09/09 1.3k Russian support for the Babel system


Package babel Warning: No Cyrillic font encoding has been loaded so far.
(babel)                A font encoding should be declared before babel.
(babel)                Default `T2A' encoding will be loaded  on input line 78.


(C:\РџСЂРёР»РѕР¶РµРЅРёСЏ\TeX\tex/latex/cyrillic\t2aenc.def
File: t2aenc.def 2005/09/27 v1.0i Cyrillic encoding definition file
Now handling font encoding T2A ...
... processing UTF-8 mapping file for font encoding T2A

(C:\РџСЂРёР»РѕР¶РµРЅРёСЏ\TeX\tex/latex/base\t2aenc.dfu
File: t2aenc.dfu 2021/06/21 v1.2n UTF-8 support
   defining Unicode char U+00A4 (decimal 164)
   defining Unicode char U+00A7 (decimal 167)
   defining Unicode char U+00AB (decimal 171)
   defining Unicode char U+00BB (decimal 187)
   defining Unicode char U+0131 (decimal 305)
   defining Unicode char U+0237 (decimal 567)
   defining Unicode char U+0400 (decimal 1024)
   defining Unicode char U+0401 (decimal 1025)
   defining Unicode char U+0402 (decimal 1026)
   defining Unicode char U+0403 (decimal 1027)
   defining Unicode char U+0404 (decimal 1028)
   defining Unicode char U+0405 (decimal 1029)
   defining Unicode char U+0406 (decimal 1030)
   defining Unicode char U+0407 (decimal 1031)
   defining Unicode char U+0408 (decimal 1032)
   defining Unicode char U+0409 (decimal 1033)
   defining Unicode char U+040A (decimal 1034)
   defining Unicode char U+040B (decimal 1035)
   defining Unicode char U+040C (decimal 1036)
   defining Unicode char U+040D (decimal 1037)
   defining Unicode char U+040E (decimal 1038)
   defining Unicode char U+040F (decimal 1039)
   defining Unicode char U+0410 (decimal 1040)
   defining Unicode char U+0411 (decimal 1041)
   defining Unicode char U+0412 (decimal 1042)
   defining Unicode char U+0413 (decimal 1043)
   defining Unicode char U+0414 (decimal 1044)
   defining Unicode char U+0415 (decimal 1045)
   defining Unicode char U+0416 (decimal 1046)
   defining Unicode char U+0417 (decimal 1047)
   defining Unicode char U+0418 (decimal 1048)
   defining Unicode char U+0419 (decimal 1049)
   defining Unicode char U+041A (decimal 1050)
   defining Unicode char U+041B (decimal 1051)
   defining Unicode char U+041C (decimal 1052)
   defining Unicode char U+041D (decimal 1053)
   defining Unicode char U+041E (decimal 1054)
   defining Unicode char U+041F (decimal 1055)
   defining Unicode char U+0420 (decimal 1056)
   defining Unicode char U+0421 (decimal 1057)
   defining Unicode char U+0422 (decimal 1058)
   defining Unicode char U+0423 (decimal 1059)
   defining Unicode char U+0424 (decimal 1060)
   defining Unicode char U+0425 (decimal 1061)
   defining Unicode char U+0426 (decimal 1062)
   defining Unicode char U+0427 (decimal 1063)
   defining Unicode char U+0428 (decimal 1064)
   defining Unicode char U+0429 (decimal 1065)
   defining Unicode char U+042A (decimal 1066)
   defining Unicode char U+042B (decimal 1067)
   defining Unicode char U+042C (decimal 1068)
   defining Unicode char U+042D (decimal 1069)
   defining Unicode char U+042E (decimal 1070)
   defining Unicode char U+042F (decimal 1071)
   defining Unicode char U+0430 (decimal 1072)
   defining Unicode char U+0431 (decimal 1073)
   defining Unicode char U+0432 (decimal 1074)
   defining Unicode char U+0433 (decimal 1075)
   defining Unicode char U+0434 (decimal 1076)
   defining Unicode char U+0435 (decimal 1077)
   defining Unicode char U+0436 (decimal 1078)
   defining Unicode char U+0437 (decimal 1079)
   defining Unicode char U+0438 (decimal 1080)
   defining Unicode char U+0439 (decimal 1081)
   defining Unicode char U+043A (decimal 1082)
   defining Unicode char U+043B (decimal 1083)
   defining Unicode char U+043C (decimal 1084)
   defining Unicode char U+043D (decimal 1085)
   defining Unicode char U+043E (decimal 1086)
   defining Unicode char U+043F (decimal 1087)
   defining Unicode char U+0440 (decimal 1088)
   defining Unicode char U+0441 (decimal 1089)
   defining Unicode char U+0442 (decimal 1090)
   defining Unicode char U+0443 (decimal 1091)
   defining Unicode char U+0444 (decimal 1092)
   defining Unicode char U+0445 (decimal 1093)
   defining Unicode char U+0446 (decimal 1094)
   defining Unicode char U+0447 (decimal 1095)
   defining Unicode char U+0448 (decimal 1096)
   defining Unicode char U+0449 (decimal 1097)
   defining Unicode char U+044A (decimal 1098)
   defining Unicode char U+044B (decimal 1099)
   defining Unicode char U+044C (decimal 1100)
   defining Unicode char U+044D (decimal 1101)
   defining Unicode char U+044E (decimal 1102)
   defining Unicode char U+044F (decimal 1103)
   defining Unicode char U+0450 (decimal 1104)
   defining Unicode char U+0451 (decimal 1105)
   defining Unicode char U+0452 (decimal 1106)
   defining Unicode char U+0453 (decimal 1107)
   defining Unicode char U+0454 (decimal 1108)
   defining Unicode char U+0455 (decimal 1109)
   defining Unicode char U+0456 (decimal 1110)
   defining Unicode char U+0457 (decimal 1111)
   defining Unicode char U+0458 (decimal 1112)
   defining Unicode char U+0459 (decimal 1113)
   defining Unicode char U+045A (decimal 1114)
   defining Unicode char U+045B (decimal 1115)
   defining Unicode char U+045C (decimal 1116)
   defining Unicode char U+045D (decimal 1117)
   defining Unicode char U+045E (decimal 1118)
   defining Unicode char U+045F (decimal 1119)
   defining Unicode char U+0490 (decimal 1168)
   defining Unicode char U+0491 (decimal 1169)
   defining Unicode char U+0492 (decimal 1170)
   defining Unicode char U+0493 (decimal 1171)
   defining Unicode char U+0496 (decimal 1174)
   defining Unicode char U+0497 (decimal 1175)
   defining Unicode char U+0498 (decimal 1176)
   defining Unicode char U+0499 (decimal 1177)
   defining Unicode char U+049A (decimal 1178)
   defining Unicode char U+049B (decimal 1179)
   defining Unicode char U+049C (decimal 1180)
   defining Unicode char U+049D (decimal 1181)
   defining Unicode char U+04A0 (decimal 1184)
   defining Unicode char U+04A1 (decimal 1185)
   defining Unicode char U+04A2 (decimal 1186)
   defining Unicode char U+04A3 (decimal 1187)
   defining Unicode char U+04A4 (decimal 1188)
   defining Unicode char U+04A5 (decimal 1189)
   defining Unicode char U+04AA (decimal 1194)
   defining Unicode char U+04AB (decimal 1195)
   defining Unicode char U+04AE (decimal 1198)
   defining Unicode char U+04AF (decimal 1199)
   defining Unicode char U+04B0 (decimal 1200)
   defining Unicode char U+04B1 (decimal 1201)
   defining Unicode char U+04B2 (decimal 1202)
   defining Unicode char U+04B3 (decimal 1203)
   defining Unicode char U+04B6 (decimal 1206)
   defining Unicode char U+04B7 (decimal 1207)
   defining Unicode char U+04B8 (decimal 1208)
   defining Unicode char U+04B9 (decimal 1209)
   defining Unicode char U+04BA (decimal 1210)
   defining Unicode char U+04BB (decimal 1211)
   defining Unicode char U+04C0 (decimal 1216)
   defining Unicode char U+04C1 (decimal 1217)
   defining Unicode char U+04C2 (decimal 1218)
   defining Unicode char U+04D0 (decimal 1232)
   defining Unicode char U+04D1 (decimal 1233)
   defining Unicode char U+04D2 (decimal 1234)
   defining Unicode char U+04D3 (decimal 1235)
   defining Unicode char U+04D4 (decimal 1236)
   defining Unicode char U+04D5 (decimal 1237)
   defining Unicode char U+04D6 (decimal 1238)
   defining Unicode char U+04D7 (decimal 1239)
   defining Unicode char U+04D8 (decimal 1240)
   defining Unicode char U+04D9 (decimal 1241)
   defining Unicode char U+04DA (decimal 1242)
   defining Unicode char U+04DB (decimal 1243)
   defining Unicode char U+04DC (decimal 1244)
   defining Unicode char U+04DD (decimal 1245)
   defining Unicode char U+04DE (decimal 1246)
   defining Unicode char U+04DF (decimal 1247)
   defining Unicode char U+04E2 (decimal 1250)
   defining Unicode char U+04E3 (decimal 1251)
   defining Unicode char U+04E4 (decimal 1252)
   defining Unicode char U+04E5 (decimal 1253)
   defining Unicode char U+04E6 (decimal 1254)
   defining Unicode char U+04E7 (decimal 1255)
   defining Unicode char U+04E8 (decimal 1256)
   defining Unicode char U+04E9 (decimal 1257)
   defining Unicode char U+04EC (decimal 1260)
   defining Unicode char U+04ED (decimal 1261)
   defining Unicode char U+04EE (decimal 1262)
   defining Unicode char U+04EF (decimal 1263)
   defining Unicode char U+04F0 (decimal 1264)
   defining Unicode char U+04F1 (decimal 1265)
   defining Unicode char U+04F2 (decimal 1266)
   defining Unicode char U+04F3 (decimal 1267)
   defining Unicode char U+04F4 (decimal 1268)
   defining Unicode char U+04F5 (decimal 1269)
   defining Unicode char U+04F8 (decimal 1272)
   defining Unicode char U+04F9 (decimal 1273)
   defining Unicode char U+200C (decimal 8204)
   defining Unicode char U+2013 (decimal 8211)
   defining Unicode char U+2014 (decimal 8212)
   defining Unicode char U+2018 (decimal 8216)
   defining Unicode char U+2019 (decimal 8217)
   defining Unicode char U+201C (decimal 8220)
   defining Unicode char U+201D (decimal 8221)
   defining Unicode char U+201E (decimal 8222)
   defining Unicode char U+2030 (decimal 8240)
   defining Unicode char U+2031 (decimal 8241)
   defining Unicode char U+2116 (decimal 8470)
   defining Unicode char U+2329 (decimal 9001)
   defining Unicode char U+232A (decimal 9002)
   defining Unicode char U+2423 (decimal 9251)
   defining Unicode char U+27E8 (decimal 10216)
   defining Unicode char U+27E9 (decimal 10217)
   defining Unicode char U+FB00 (decimal 64256)
   defining Unicode char U+FB01 (decimal 64257)
   defining Unicode char U+FB02 (decimal 64258)
   defining Unicode char U+FB03 (decimal 64259)
   defining Unicode char U+FB04 (decimal 64260)
   defining Unicode char U+FB05 (decimal 64261)
   defining Unicode char U+FB06 (decimal 64262)
))
Package babel Info: Making " an active character on input line 124.
Package babel Info: Default for \cyrdash is provided on input line 163.
))
(style/fn2kursstyle1.sty

LaTeX Warning: You have requested package `./style/fn2kursstyle1',
               but the package provides `fn2kursstyle'.

Package: fn2kursstyle 19/03/2022 V.2.3. fn2kursstyle. Marchevsky Ilia
(C:\РџСЂРёР»РѕР¶РµРЅРёСЏ\TeX\tex/latex/amsfonts\amssymb.sty
Package: amssymb 2013/01/14 v3.01 AMS font symbols

(C:\РџСЂРёР»РѕР¶РµРЅРёСЏ\TeX\tex/latex/amsfonts\amsfonts.sty
Package: amsfonts 2013/01/14 v3.01 Basic AMSFonts support
\@emptytoks=\toks18
\symAMSa=\mathgroup4
\symAMSb=\mathgroup5
LaTeX Font Info:    Redeclaring math symbol \hbar on input line 98.
LaTeX Font Info:    Overwriting math alphabet `\mathfrak' in version `bold'
(Font)                  U/euf/m/n --> U/euf/b/n on input line 106.
))
(C:\РџСЂРёР»РѕР¶РµРЅРёСЏ\TeX\tex/latex/amsmath\amsmath.sty
Package: amsmath 2021/10/15 v2.17l AMS math features
\@mathmargin=\skip49

For additional information on amsmath, use the `?' option.
(C:\РџСЂРёР»РѕР¶РµРЅРёСЏ\TeX\tex/latex/amsmath\amstext.sty
Package: amstext 2021/08/26 v2.01 AMS text

(C:\РџСЂРёР»РѕР¶РµРЅРёСЏ\TeX\tex/latex/amsmath\amsgen.sty
File: amsgen.sty 1999/11/30 v2.0 generic functions
\@emptytoks=\toks19
\ex@=\dimen140
))
(C:\РџСЂРёР»РѕР¶РµРЅРёСЏ\TeX\tex/latex/amsmath\amsbsy.sty
Package: amsbsy 1999/11/29 v1.2d Bold Symbols
\pmbraise@=\dimen141
)
(C:\РџСЂРёР»РѕР¶РµРЅРёСЏ\TeX\tex/latex/amsmath\amsopn.sty
Package: amsopn 2021/08/26 v2.02 operator names
)
\inf@bad=\count195
LaTeX Info: Redefining \frac on input line 234.
\uproot@=\count196
\leftroot@=\count197
LaTeX Info: Redefining \overline on input line 399.
\classnum@=\count198
\DOTSCASE@=\count199
LaTeX Info: Redefining \ldots on input line 496.
LaTeX Info: Redefining \dots on input line 499.
LaTeX Info: Redefining \cdots on input line 620.
\Mathstrutbox@=\box50
\strutbox@=\box51
\big@size=\dimen142
LaTeX Font Info:    Redeclaring font encoding OML on input line 743.
LaTeX Font Info:    Redeclaring font encoding OMS on input line 744.
\macc@depth=\count266
\c@MaxMatrixCols=\count267
\dotsspace@=\muskip16
\c@parentequation=\count268
\dspbrk@lvl=\count269
\tag@help=\toks20
\row@=\count270
\column@=\count271
\maxfields@=\count272
\andhelp@=\toks21
\eqnshift@=\dimen143
\alignsep@=\dimen144
\tagshift@=\dimen145
\tagwidth@=\dimen146
\totwidth@=\dimen147
\lineht@=\dimen148
\@envbody=\toks22
\multlinegap=\skip50
\multlinetaggap=\skip51
\mathdisplay@stack=\toks23
LaTeX Info: Redefining \[ on input line 2938.
LaTeX Info: Redefining \] on input line 2939.
)
(C:\РџСЂРёР»РѕР¶РµРЅРёСЏ\TeX\tex/latex/cite\cite.sty
LaTeX Info: Redefining \cite on input line 302.
LaTeX Info: Redefining \nocite on input line 332.
Package: cite 2015/02/27  v 5.5
)
(C:\РџСЂРёР»РѕР¶РµРЅРёСЏ\TeX\tex/latex/caption\caption.sty
Package: caption 2022/03/01 v3.6b Customizing captions (AR)

(C:\РџСЂРёР»РѕР¶РµРЅРёСЏ\TeX\tex/latex/caption\caption3.sty
Package: caption3 2022/03/17 v2.3b caption3 kernel (AR)

(C:\РџСЂРёР»РѕР¶РµРЅРёСЏ\TeX\tex/latex/graphics\keyval.sty
Package: keyval 2014/10/28 v1.15 key=value parser (DPC)
\KV@toks@=\toks24
)
\caption@tempdima=\dimen149
\captionmargin=\dimen150
\caption@leftmargin=\dimen151
\caption@rightmargin=\dimen152
\caption@width=\dimen153
\caption@indent=\dimen154
\caption@parindent=\dimen155
\caption@hangindent=\dimen156
Package caption Info: Standard document class detected.
)
\c@caption@flags=\count273
\c@continuedfloat=\count274
)
(C:\РџСЂРёР»РѕР¶РµРЅРёСЏ\TeX\tex/latex/cmap\cmap.sty
Package: cmap 2021/02/06 v1.0j CMap support: searchable PDF


Package cmap Warning: fontenc already loaded - some fonts may be unprocessed.

) (C:\РџСЂРёР»РѕР¶РµРЅРёСЏ\TeX\tex/latex/tools\bm.sty
Package: bm 2021/04/25 v1.2e Bold Symbol Support (DPC/FMi)
\symboldoperators=\mathgroup6
\symboldletters=\mathgroup7
\symboldsymbols=\mathgroup8
Package bm Info: No bold for \OMX/cmex/m/n, using \pmb.
Package bm Info: No bold for \U/msa/m/n, using \pmb.
Package bm Info: No bold for \U/msb/m/n, using \pmb.
LaTeX Font Info:    Redeclaring math alphabet \mathbf on input line 149.
)
(C:\РџСЂРёР»РѕР¶РµРЅРёСЏ\TeX\tex/latex/graphics\graphicx.sty
Package: graphicx 2021/09/16 v1.2d Enhanced LaTeX Graphics (DPC,SPQR)

(C:\РџСЂРёР»РѕР¶РµРЅРёСЏ\TeX\tex/latex/graphics\graphics.sty
Package: graphics 2021/03/04 v1.4d Standard LaTeX Graphics (DPC,SPQR)

(C:\РџСЂРёР»РѕР¶РµРЅРёСЏ\TeX\tex/latex/graphics\trig.sty
Package: trig 2021/08/11 v1.11 sin cos tan (DPC)
)
(C:\РџСЂРёР»РѕР¶РµРЅРёСЏ\TeX\tex/latex/graphics-cfg\graphics.cfg
File: graphics.cfg 2016/06/04 v1.11 sample graphics configuration
)
Package graphics Info: Driver file: pdftex.def on input line 107.

(C:\РџСЂРёР»РѕР¶РµРЅРёСЏ\TeX\tex/latex/graphics-def\pdftex.def
File: pdftex.def 2020/10/05 v1.2a Graphics/color driver for pdftex
))
\Gin@req@height=\dimen157
\Gin@req@width=\dimen158
)
(C:\РџСЂРёР»РѕР¶РµРЅРёСЏ\TeX\tex/latex/tools\indentfirst.sty
Package: indentfirst 1995/11/23 v1.03 Indent first paragraph (DPC)
)
(C:\РџСЂРёР»РѕР¶РµРЅРёСЏ\TeX\tex/generic/iftex\ifpdf.sty
Package: ifpdf 2019/10/25 v3.4 ifpdf legacy package. Use iftex instead.

(C:\РџСЂРёР»РѕР¶РµРЅРёСЏ\TeX\tex/generic/iftex\iftex.sty
Package: iftex 2022/02/03 v1.0f TeX engine tests
))
(C:\РџСЂРёР»РѕР¶РµРЅРёСЏ\TeX\tex/generic/soulutf8\soulutf8.sty
Package: soulutf8 2019/12/15 v1.2 Permit use of UTF-8 characters in soul (HO)

(C:\РџСЂРёР»РѕР¶РµРЅРёСЏ\TeX\tex/generic/soul\soul.sty
Package: soul 2003/11/17 v2.4 letterspacing/underlining (mf)
\SOUL@word=\toks25
\SOUL@lasttoken=\toks26
\SOUL@cmds=\toks27
\SOUL@buffer=\toks28
\SOUL@token=\toks29
\SOUL@spaceskip=\skip52
\SOUL@ttwidth=\dimen159
\SOUL@uldp=\dimen160
\SOUL@ulht=\dimen161
)
(C:\РџСЂРёР»РѕР¶РµРЅРёСЏ\TeX\tex/generic/infwarerr\infwarerr.sty
Package: infwarerr 2019/12/03 v1.5 Providing info/warning/error messages (HO)
)
(C:\РџСЂРёР»РѕР¶РµРЅРёСЏ\TeX\tex/generic/etexcmds\etexcmds.sty
Package: etexcmds 2019/12/15 v1.7 Avoid name clashes with e-TeX commands (HO)
)))
(C:\РџСЂРёР»РѕР¶РµРЅРёСЏ\TeX\tex/latex/float\float.sty
Package: float 2001/11/08 v1.3d Float enhancements (AL)
\c@float@type=\count275
\float@exts=\toks30
\float@box=\box52
\@float@everytoks=\toks31
\@floatcapt=\box53
)
(C:\РџСЂРёР»РѕР¶РµРЅРёСЏ\TeX\tex/latex/multirow\multirow.sty
Package: multirow 2021/03/15 v2.8 Span multiple rows of a table
\multirow@colwidth=\skip53
\multirow@cntb=\count276
\multirow@dima=\skip54
\bigstrutjot=\dimen162
)
(C:\РџСЂРёР»РѕР¶РµРЅРёСЏ\TeX\tex/latex/caption\subcaption.sty
Package: subcaption 2022/01/07 v1.5 Sub-captions (AR)
\c@subfigure=\count277
\c@subtable=\count278
)
(C:\РџСЂРёР»РѕР¶РµРЅРёСЏ\TeX\tex/latex/comment\comment.sty
\CommentStream=\write3

Excluding comment 'comment')
(C:\РџСЂРёР»РѕР¶РµРЅРёСЏ\TeX\tex/latex/l3backend\l3backend-pdftex.def
File: l3backend-pdftex.def 2022-02-07 L3 backend support: PDF output (pdfTeX)
\l__color_backend_stack_int=\count279
\l__pdf_internal_box=\box54
)
(document.aux
LaTeX Font Info:    Trying to load font information for T2A+cmr on input line 5
.
 (C:\РџСЂРёР»РѕР¶РµРЅРёСЏ\TeX\tex/latex/cyrillic\t2acmr.fd
File: t2acmr.fd 2001/08/11 v1.0a Computer Modern Cyrillic font definitions
)<<t2a.cmap>>

LaTeX Warning: Label `fig:figures' multiply defined.


LaTeX Warning: Label `fig:figures' multiply defined.

)
\openout1 = `document.aux'.

LaTeX Font Info:    Checking defaults for OML/cmm/m/it on input line 23.
LaTeX Font Info:    ... okay on input line 23.
LaTeX Font Info:    Checking defaults for OMS/cmsy/m/n on input line 23.
LaTeX Font Info:    ... okay on input line 23.
LaTeX Font Info:    Checking defaults for OT1/cmr/m/n on input line 23.
LaTeX Font Info:    ... okay on input line 23.
LaTeX Font Info:    Checking defaults for T1/cmr/m/n on input line 23.
LaTeX Font Info:    ... okay on input line 23.
LaTeX Font Info:    Checking defaults for TS1/cmr/m/n on input line 23.
LaTeX Font Info:    ... okay on input line 23.
LaTeX Font Info:    Checking defaults for OMX/cmex/m/n on input line 23.
LaTeX Font Info:    ... okay on input line 23.
LaTeX Font Info:    Checking defaults for U/cmr/m/n on input line 23.
LaTeX Font Info:    ... okay on input line 23.
LaTeX Font Info:    Checking defaults for T2A/cmr/m/n on input line 23.
LaTeX Font Info:    ... okay on input line 23.
LaTeX Info: Redefining \th on input line 23.
Package caption Info: Begin \AtBeginDocument code.
Package caption Info: float package is loaded.
Package caption Info: End \AtBeginDocument code.
 (C:\РџСЂРёР»РѕР¶РµРЅРёСЏ\TeX\tex/context/base/mkii\supp-pdf.mkii
[Loading MPS to PDF converter (version 2006.09.02).]
\scratchcounter=\count280
\scratchdimen=\dimen163
\scratchbox=\box55
\nofMPsegments=\count281
\nofMParguments=\count282
\everyMPshowfont=\toks32
\MPscratchCnt=\count283
\MPscratchDim=\dimen164
\MPnumerator=\count284
\makeMPintoPDFobject=\count285
\everyMPtoPDFconversion=\toks33
) (C:\РџСЂРёР»РѕР¶РµРЅРёСЏ\TeX\tex/latex/epstopdf-pkg\epstopdf-base.sty
Package: epstopdf-base 2020-01-24 v2.11 Base part for package epstopdf
Package epstopdf-base Info: Redefining graphics rule for `.eps' on input line 4
85.

(C:\РџСЂРёР»РѕР¶РµРЅРёСЏ\TeX\tex/latex/00miktex\epstopdf-sys.cfg
File: epstopdf-sys.cfg 2021/03/18 v2.0 Configuration of epstopdf for MiKTeX
))

pdfTeX warning: pdflatex.exe (file ./style//emblema.pdf): PDF inclusion: found 
PDF version <1.6>, but at most version <1.5> allowed
<./style//emblema.pdf, id=2, 476.01839pt x 534.79799pt>
File: ./style//emblema.pdf Graphic file (type pdf)
<use ./style//emblema.pdf>
Package pdftex.def Info: ./style//emblema.pdf  used on input line 25.
(pdftex.def)             Requested size: 66.6421pt x 74.8712pt.
<<ot1.cmap>><<oml.cmap>><<oms.cmap>><<omx.cmap>>
LaTeX Font Info:    Trying to load font information for U+msa on input line 25.


(C:\РџСЂРёР»РѕР¶РµРЅРёСЏ\TeX\tex/latex/amsfonts\umsa.fd
File: umsa.fd 2013/01/14 v3.01 AMS symbols A
)
LaTeX Font Info:    Trying to load font information for U+msb on input line 25.


(C:\РџСЂРёР»РѕР¶РµРЅРёСЏ\TeX\tex/latex/amsfonts\umsb.fd
File: umsb.fd 2013/01/14 v3.01 AMS symbols B
)

LaTeX Font Warning: Font shape `T2A/cmr/m/n' in size <18> not available
(Font)              size <17.28> substituted on input line 25.


LaTeX Font Warning: Font shape `T2A/cmr/m/it' in size <18> not available
(Font)              size <17.28> substituted on input line 25.


LaTeX Font Warning: Font shape `T2A/cmr/bx/it' in size <18> not available
(Font)              size <17.28> substituted on input line 25.

[1

{C:/Users/griho/AppData/Local/MiKTeX/fonts/map/pdftex/pdftex.map} <./style//emb
lema.pdf>] (document.toc)
\tf@toc=\write4
\openout4 = `document.toc'.

<<t1.cmap>> [2] [3] [4] [5]
Overfull \hbox (1.93164pt too wide) in paragraph at lines 189--191
\T2A/cmr/m/n/12 Это за-да-ча о по-стро-е-нии по-ли-но-ма $\OT1/cmr/m/n/12 (\OML
/cmm/m/it/12 n \OT1/cmr/m/n/12 + 1)$\T2A/cmr/m/n/12 -го по-ряд-ка, ко-то-рая ре
-ше-на В.А. Мар-
 []

[6]
<labels.png, id=53, 1506.62875pt x 78.2925pt>
File: labels.png Graphic file (type png)
<use labels.png>
Package pdftex.def Info: labels.png  used on input line 212.
(pdftex.def)             Requested size: 455.24408pt x 23.65637pt.

Overfull \hbox (3.33252pt too wide) in paragraph at lines 224--224
[]|\T2A/cmr/m/n/10 Количество 
 []


Overfull \hbox (18.06879pt too wide) in paragraph at lines 222--239
 [][] 
 []

<1_l8.png, id=54, 445.665pt x 274.52562pt>
File: 1_l8.png Graphic file (type png)
<use 1_l8.png>
Package pdftex.def Info: 1_l8.png  used on input line 245.
(pdftex.def)             Requested size: 182.09485pt x 112.16666pt.

Underfull \hbox (badness 10000) in paragraph at lines 246--246
[]\T2A/cmr/m/n/10.95 (a) |Ин-тер-по-ля-ция мно-го-чле-ном
 []

<1_s8.png, id=55, 397.485pt x 244.41313pt>
File: 1_s8.png Graphic file (type png)
<use 1_s8.png>
Package pdftex.def Info: 1_s8.png  used on input line 250.
(pdftex.def)             Requested size: 182.09485pt x 111.97267pt.

Overfull \hbox (3.33252pt too wide) in paragraph at lines 268--268
[]|\T2A/cmr/m/n/10 Количество 
 []


Overfull \hbox (18.06879pt too wide) in paragraph at lines 266--283
 [][] 
 []

<1_l4.png, id=56, 445.665pt x 276.03125pt>
File: 1_l4.png Graphic file (type png)
<use 1_l4.png>
Package pdftex.def Info: 1_l4.png  used on input line 289.
(pdftex.def)             Requested size: 182.09485pt x 112.78183pt.

Underfull \hbox (badness 10000) in paragraph at lines 290--290
[]\T2A/cmr/m/n/10.95 (a) |Ин-тер-по-ля-ция мно-го-чле-ном
 []

<1_s4.png, id=57, 397.485pt x 247.42438pt>
File: 1_s4.png Graphic file (type png)
<use 1_s4.png>
Package pdftex.def Info: 1_s4.png  used on input line 294.
(pdftex.def)             Requested size: 182.09485pt x 113.35222pt.
[7 <./labels.png> <./1_l8.png (PNG copy)> <./1_s8.png (PNG copy)>]
<1_l64.png, id=62, 445.665pt x 276.03125pt>
File: 1_l64.png Graphic file (type png)
<use 1_l64.png>
Package pdftex.def Info: 1_l64.png  used on input line 305.
(pdftex.def)             Requested size: 182.09485pt x 112.78183pt.

Underfull \hbox (badness 10000) in paragraph at lines 306--306
[]\T2A/cmr/m/n/10.95 (a) |Ин-тер-по-ля-ция мно-го-чле-ном
 []

<1_s64.png, id=63, 397.485pt x 247.42438pt>
File: 1_s64.png Graphic file (type png)
<use 1_s64.png>
Package pdftex.def Info: 1_s64.png  used on input line 310.
(pdftex.def)             Requested size: 182.09485pt x 113.35222pt.

Overfull \hbox (3.33252pt too wide) in paragraph at lines 325--325
[]|\T2A/cmr/m/n/10 Количество 
 []


Overfull \hbox (23.82033pt too wide) in paragraph at lines 323--332
 [][] 
 []

<0_l100.png, id=64, 445.665pt x 278.54062pt>
File: 0_l100.png Graphic file (type png)
<use 0_l100.png>
Package pdftex.def Info: 0_l100.png  used on input line 338.
(pdftex.def)             Requested size: 182.09485pt x 113.80711pt.

Underfull \hbox (badness 10000) in paragraph at lines 339--339
[]\T2A/cmr/m/n/10.95 (a) |Ин-тер-по-ля-ция мно-го-чле-ном
 []

<0_s100.png, id=65, 397.485pt x 247.42438pt>
File: 0_s100.png Graphic file (type png)
<use 0_s100.png>
Package pdftex.def Info: 0_s100.png  used on input line 343.
(pdftex.def)             Requested size: 182.09485pt x 113.35222pt.

Overfull \hbox (3.33252pt too wide) in paragraph at lines 358--358
[]|\T2A/cmr/m/n/10 Количество 
 []


Overfull \hbox (18.06879pt too wide) in paragraph at lines 356--369
 [][] 
 []

[8 <./1_l4.png (PNG copy)> <./1_s4.png (PNG copy)> <./1_l64.png (PNG copy)> <./
1_s64.png (PNG copy)> <./0_l100.png (PNG copy)> <./0_s100.png (PNG copy)>]
<7_l4.png, id=69, 445.665pt x 276.03125pt>
File: 7_l4.png Graphic file (type png)
<use 7_l4.png>
Package pdftex.def Info: 7_l4.png  used on input line 375.
(pdftex.def)             Requested size: 182.09485pt x 112.78183pt.

Underfull \hbox (badness 10000) in paragraph at lines 376--376
[]\T2A/cmr/m/n/10.95 (a) |Ин-тер-по-ля-ция мно-го-чле-ном
 []

<7_s4.png, id=70, 397.485pt x 247.42438pt>
File: 7_s4.png Graphic file (type png)
<use 7_s4.png>
Package pdftex.def Info: 7_s4.png  used on input line 380.
(pdftex.def)             Requested size: 182.09485pt x 113.35222pt.
<7_s8.png, id=71, 397.485pt x 247.42438pt>
File: 7_s8.png Graphic file (type png)
<use 7_s8.png>
Package pdftex.def Info: 7_s8.png  used on input line 391.
(pdftex.def)             Requested size: 182.09485pt x 113.35222pt.
<7_s16.png, id=72, 397.485pt x 247.42438pt>
File: 7_s16.png Graphic file (type png)
<use 7_s16.png>
Package pdftex.def Info: 7_s16.png  used on input line 396.
(pdftex.def)             Requested size: 182.09485pt x 113.35222pt.
[9 <./7_l4.png (PNG copy)> <./7_s4.png (PNG copy)> <./7_s8.png (PNG copy)> <./7
_s16.png (PNG copy)>]
Overfull \hbox (3.33252pt too wide) in paragraph at lines 415--415
[]|\T2A/cmr/m/n/10 Количество 
 []


Overfull \hbox (28.8191pt too wide) in paragraph at lines 413--430
 [][] 
 []

<3_l4.png, id=76, 485.815pt x 301.125pt>
File: 3_l4.png Graphic file (type png)
<use 3_l4.png>
Package pdftex.def Info: 3_l4.png  used on input line 435.
(pdftex.def)             Requested size: 182.09485pt x 112.86646pt.

Underfull \hbox (badness 10000) in paragraph at lines 436--436
[]\T2A/cmr/m/n/10.95 (a) |Ин-тер-по-ля-ция мно-го-чле-ном
 []

<3_s4.png, id=77, 433.62pt x 268.50313pt>
File: 3_s4.png Graphic file (type png)
<use 3_s4.png>
Package pdftex.def Info: 3_s4.png  used on input line 440.
(pdftex.def)             Requested size: 182.09485pt x 112.75415pt.
<3_l8.png, id=78, 694.595pt x 430.10687pt>
File: 3_l8.png Graphic file (type png)
<use 3_l8.png>
Package pdftex.def Info: 3_l8.png  used on input line 452.
(pdftex.def)             Requested size: 182.09485pt x 112.75706pt.

Underfull \hbox (badness 10000) in paragraph at lines 453--453
[]\T2A/cmr/m/n/10.95 (a) |Ин-тер-по-ля-ция мно-го-чле-ном
 []

<3_s8.png, id=79, 433.62pt x 271.0125pt>
File: 3_s8.png Graphic file (type png)
<use 3_s8.png>
Package pdftex.def Info: 3_s8.png  used on input line 457.
(pdftex.def)             Requested size: 182.09485pt x 113.80792pt.

Overfull \hbox (3.33252pt too wide) in paragraph at lines 475--475
[]|\T2A/cmr/m/n/10 Количество 
 []


Overfull \hbox (18.06879pt too wide) in paragraph at lines 473--490
 [][] 
 []

[10 <./3_l4.png (PNG copy)> <./3_s4.png (PNG copy)> <./3_l8.png (PNG copy)> <./
3_s8.png (PNG copy)>]
<2_l4.png, id=83, 485.815pt x 301.125pt>
File: 2_l4.png Graphic file (type png)
<use 2_l4.png>
Package pdftex.def Info: 2_l4.png  used on input line 495.
(pdftex.def)             Requested size: 182.09485pt x 112.86646pt.

Underfull \hbox (badness 10000) in paragraph at lines 496--496
[]\T2A/cmr/m/n/10.95 (a) |Ин-тер-по-ля-ция мно-го-чле-ном
 []

<2_s4.png, id=84, 433.62pt x 268.00125pt>
File: 2_s4.png Graphic file (type png)
<use 2_s4.png>
Package pdftex.def Info: 2_s4.png  used on input line 500.
(pdftex.def)             Requested size: 182.09485pt x 112.54338pt.
<2_l64.png, id=85, 485.815pt x 299.61937pt>
File: 2_l64.png Graphic file (type png)
<use 2_l64.png>
Package pdftex.def Info: 2_l64.png  used on input line 512.
(pdftex.def)             Requested size: 182.09485pt x 112.30212pt.

Underfull \hbox (badness 10000) in paragraph at lines 513--513
[]\T2A/cmr/m/n/10.95 (a) |Ин-тер-по-ля-ция мно-го-чле-ном
 []

<2_s64.png, id=86, 433.62pt x 270.00874pt>
File: 2_s64.png Graphic file (type png)
<use 2_s64.png>
Package pdftex.def Info: 2_s64.png  used on input line 517.
(pdftex.def)             Requested size: 182.09485pt x 113.38641pt.

Overfull \hbox (3.33252pt too wide) in paragraph at lines 533--533
[]|\T2A/cmr/m/n/10 Количество 
 []


Overfull \hbox (18.06879pt too wide) in paragraph at lines 531--549
 [][] 
 []

[11 <./2_l4.png (PNG copy)> <./2_s4.png (PNG copy)> <./2_l64.png (PNG copy)> <.
/2_s64.png (PNG copy)>]
<5_l4.png, id=90, 445.665pt x 274.52562pt>
File: 5_l4.png Graphic file (type png)
<use 5_l4.png>
Package pdftex.def Info: 5_l4.png  used on input line 555.
(pdftex.def)             Requested size: 182.09485pt x 112.16666pt.

Underfull \hbox (badness 10000) in paragraph at lines 556--556
[]\T2A/cmr/m/n/10.95 (a) |Ин-тер-по-ля-ция мно-го-чле-ном
 []

<5_s4.png, id=91, 397.485pt x 244.41313pt>
File: 5_s4.png Graphic file (type png)
<use 5_s4.png>
Package pdftex.def Info: 5_s4.png  used on input line 560.
(pdftex.def)             Requested size: 182.09485pt x 111.97267pt.
<5_l8.png, id=92, 445.665pt x 274.52562pt>
File: 5_l8.png Graphic file (type png)
<use 5_l8.png>
Package pdftex.def Info: 5_l8.png  used on input line 574.
(pdftex.def)             Requested size: 182.09485pt x 112.16666pt.

Underfull \hbox (badness 10000) in paragraph at lines 575--575
[]\T2A/cmr/m/n/10.95 (a) |Ин-тер-по-ля-ция мно-го-чле-ном
 []

<5_s8.png, id=93, 397.485pt x 247.42438pt>
File: 5_s8.png Graphic file (type png)
<use 5_s8.png>
Package pdftex.def Info: 5_s8.png  used on input line 579.
(pdftex.def)             Requested size: 182.09485pt x 113.35222pt.

Overfull \hbox (3.33252pt too wide) in paragraph at lines 595--595
[]|\T2A/cmr/m/n/10 Количество 
 []


Overfull \hbox (18.06879pt too wide) in paragraph at lines 593--610
 [][] 
 []

[12 <./5_l4.png (PNG copy)> <./5_s4.png (PNG copy)> <./5_l8.png (PNG copy)> <./
5_s8.png (PNG copy)>]
<4_l4.png, id=97, 445.665pt x 274.52562pt>
File: 4_l4.png Graphic file (type png)
<use 4_l4.png>
Package pdftex.def Info: 4_l4.png  used on input line 616.
(pdftex.def)             Requested size: 182.09485pt x 112.16666pt.

Underfull \hbox (badness 10000) in paragraph at lines 617--617
[]\T2A/cmr/m/n/10.95 (a) |Ин-тер-по-ля-ция мно-го-чле-ном
 []

<4_s4.png, id=98, 397.485pt x 244.41313pt>
File: 4_s4.png Graphic file (type png)
<use 4_s4.png>
Package pdftex.def Info: 4_s4.png  used on input line 621.
(pdftex.def)             Requested size: 182.09485pt x 111.97267pt.
<4_l64.png, id=99, 445.665pt x 274.52562pt>
File: 4_l64.png Graphic file (type png)
<use 4_l64.png>
Package pdftex.def Info: 4_l64.png  used on input line 634.
(pdftex.def)             Requested size: 182.09485pt x 112.16666pt.

Underfull \hbox (badness 10000) in paragraph at lines 635--635
[]\T2A/cmr/m/n/10.95 (a) |Ин-тер-по-ля-ция мно-го-чле-ном
 []

<4_s64.png, id=100, 397.485pt x 244.41313pt>
File: 4_s64.png Graphic file (type png)
<use 4_s64.png>
Package pdftex.def Info: 4_s64.png  used on input line 639.
(pdftex.def)             Requested size: 182.09485pt x 111.97267pt.
[13 <./4_l4.png (PNG copy)> <./4_s4.png (PNG copy)> <./4_l64.png (PNG copy)> <.
/4_s64.png (PNG copy)>] [14] (document.aux)

LaTeX Font Warning: Size substitutions with differences
(Font)              up to 0.72pt have occurred.


LaTeX Warning: There were multiply-defined labels.

 ) 
Here is how much of TeX's memory you used:
 7142 strings out of 478582
 112888 string characters out of 2852317
 412759 words of memory out of 3000000
 25117 multiletter control sequences out of 15000+600000
 499404 words of font info for 101 fonts, out of 8000000 for 9000
 1141 hyphenation exceptions out of 8191
 70i,15n,77p,763b,550s stack positions out of 10000i,1000n,20000p,200000b,80000s
 <C:\Users\griho\AppData\Local\MiKTeX\fonts/pk/ljfour/lh/lh-t2a/dpi600\lati12
00.pk> <C:\Users\griho\AppData\Local\MiKTeX\fonts/pk/ljfour/lh/lh-t2a/dpi600\la
bx1200.pk> <C:\Users\griho\AppData\Local\MiKTeX\fonts/pk/ljfour/lh/lh-t2a/dpi60
0\labx1728.pk> <C:\Users\griho\AppData\Local\MiKTeX\fonts/pk/ljfour/lh/lh-t2a/d
pi600\larm1440.pk> <C:\Users\griho\AppData\Local\MiKTeX\fonts/pk/ljfour/lh/lh-t
2a/dpi600\larm1000.pk> <C:\Users\griho\AppData\Local\MiKTeX\fonts/pk/ljfour/lh/
lh-t2a/dpi600\larm1095.pk> <C:\Users\griho\AppData\Local\MiKTeX\fonts/pk/ljfour
/lh/lh-t2a/dpi600\labi1728.pk> <C:\Users\griho\AppData\Local\MiKTeX\fonts/pk/lj
four/lh/lh-t2a/dpi600\labx2074.pk> <C:\Users\griho\AppData\Local\MiKTeX\fonts/p
k/ljfour/lh/lh-t2a/dpi600\larm1200.pk> <C:\Users\griho\AppData\Local\MiKTeX\fon
ts/pk/ljfour/lh/lh-t2a/dpi600\labx0900.pk><C:/РџСЂРёР»РѕР¶РµРЅРёСЏ/TeX/fonts/ty
pe1/public/amsfonts/cm/cmex10.pfb><C:/РџСЂРёР»РѕР¶РµРЅРёСЏ/TeX/fonts/type1/publ
ic/amsfonts/cm/cmmi10.pfb><C:/РџСЂРёР»РѕР¶РµРЅРёСЏ/TeX/fonts/type1/public/amsfo
nts/cm/cmmi12.pfb><C:/РџСЂРёР»РѕР¶РµРЅРёСЏ/TeX/fonts/type1/public/amsfonts/cm/c
mmi6.pfb><C:/РџСЂРёР»РѕР¶РµРЅРёСЏ/TeX/fonts/type1/public/amsfonts/cm/cmmi8.pfb>
<C:/РџСЂРёР»РѕР¶РµРЅРёСЏ/TeX/fonts/type1/public/amsfonts/cm/cmr10.pfb><C:/РџСЂР
ёР»РѕР¶РµРЅРёСЏ/TeX/fonts/type1/public/amsfonts/cm/cmr12.pfb><C:/РџСЂРёР»РѕР¶Рµ
РЅРёСЏ/TeX/fonts/type1/public/amsfonts/cm/cmr6.pfb><C:/РџСЂРёР»РѕР¶РµРЅРёСЏ/TeX
/fonts/type1/public/amsfonts/cm/cmr7.pfb><C:/РџСЂРёР»РѕР¶РµРЅРёСЏ/TeX/fonts/typ
e1/public/amsfonts/cm/cmr8.pfb><C:/РџСЂРёР»РѕР¶РµРЅРёСЏ/TeX/fonts/type1/public/
amsfonts/cm/cmsy10.pfb><C:/РџСЂРёР»РѕР¶РµРЅРёСЏ/TeX/fonts/type1/public/amsfonts
/cm/cmsy8.pfb><C:/РџСЂРёР»РѕР¶РµРЅРёСЏ/TeX/fonts/type1/public/amsfonts/symbols/
msam10.pfb>
Output written on document.pdf (14 pages, 1432439 bytes).
PDF statistics:
 525 PDF objects out of 1000 (max. 8388607)
 0 named destinations out of 1000 (max. 500000)
 175 words of extra memory for PDF output out of 10000 (max. 10000000)

